
2020-06-02 14:27:57.217] [DEBUG] SampleWebApp - Decoded from JWT token: username - Jim, orgname - bank1
[2020-06-02 14:27:57.218] [DEBUG] SampleWebApp - ==================== INSTALL CHAINCODE ==================
[2020-06-02 14:27:57.218] [DEBUG] SampleWebApp - peers : peer0.bank1.banksco.com,peer1.bank1.banksco.com
[2020-06-02 14:27:57.219] [DEBUG] SampleWebApp - chaincodeName : excc
[2020-06-02 14:27:57.219] [DEBUG] SampleWebApp - chaincodePath : github.com/exchangeCC
[2020-06-02 14:27:57.219] [DEBUG] SampleWebApp - chaincodeVersion : v1.0
[2020-06-02 14:27:57.219] [DEBUG] SampleWebApp - username : Jim
[2020-06-02 14:27:57.219] [DEBUG] SampleWebApp - orgname : bank1
[2020-06-02 14:27:57.220] [DEBUG] install-chaincode -

============ Install chaincode on organizations ============

[2020-06-02 14:27:57.221] [DEBUG] install-chaincode - username : Jim
[2020-06-02 14:27:57.221] [DEBUG] install-chaincode - org_name : bank1
[2020-06-02 14:27:57.221] [INFO] install-chaincode - Calling peers in organization "bank1" to join the channel
[2020-06-02 14:27:57.222] [DEBUG] Helper - getClientForOrg - ****** START bank1 Jim
[2020-06-02 14:27:57.222] [DEBUG] Helper - get client from config : network-connection-profile-path
[2020-06-02 14:27:57.230] [DEBUG] Helper - [NetworkConfig101.js]: constructor, network_config: {"name":"ExchangeApp","x-type":"hlfv1","description":"Exchange Network","version":"1.0","channels":{"bankscochannel":{"orderers":["orderer.banksco.com"],"peers":{"peer0.bank1.banksco.com":{"endorsingPeer":true,"chaincodeQuery":true,"ledgerQuery":true,"eventSource":true},"peer1.bank1.banksco.com":{"endorsingPeer":false,"chaincodeQuery":true,"ledgerQuery":true,"eventSource":true},"peer0.bank2.banksco.com":{"endorsingPeer":true,"chaincodeQuery":true,"ledgerQuery":true,"eventSource":true},"peer1.bank2.banksco.com":{"endorsingPeer":true,"chaincodeQuery":true,"ledgerQuery":true,"eventSource":true}},"chaincodes":["exchangeCC:v0"]}},"organizations":{"Bank1":{"mspid":"Bank1MSP","peers":["peer0.bank1.banksco.com","peer1.bank1.banksco.com"],"certificateAuthorities":["ca-bank1"],"adminPrivateKey":{"path":"../../ExchangeNetwork/CCLifeCycleHLFv1/crypto-config/peerOrganizations/bank1.banksco.com/users/Admin@bank1.banksco.com/msp/keystore/priv_sk"},"signedCert":{"path":"../../ExchangeNetwork/CCLifeCycleHLFv1/crypto-config/peerOrganizations/bank1.banksco.com/users/Admin@bank1.banksco.com/msp/signcerts/Admin@bank1.banksco.com-cert.pem"}},"Bank2":{"mspid":"Bank2MSP","peers":["peer0.bank2.banksco.com","peer1.bank2.banksco.com"],"certificateAuthorities":["ca-bank2"],"adminPrivateKey":{"path":"../../ExchangeNetwork/CCLifeCycleHLFv1/crypto-config/peerOrganizations/bank2.banksco.com/users/Admin@bank2.banksco.com/msp/keystore/priv_sk"},"signedCert":{"path":"../../ExchangeNetwork/CCLifeCycleHLFv1/crypto-config/peerOrganizations/bank2.banksco.com/users/Admin@bank2.banksco.com/msp/signcerts/Admin@bank2.banksco.com-cert.pem"}}},"orderers":{"orderer.banksco.com":{"url":"grpcs://localhost:7050","grpcOptions":{"ssl-target-name-override":"orderer.banksco.com"},"tlsCACerts":{"path":"../../ExchangeNetwork/CCLifeCycleHLFv1/crypto-config/ordererOrganizations/banksco.com/orderers/orderer.banksco.com/tls/ca.crt"}}},"peers":{"peer0.bank1.banksco.com":{"url":"grpcs://localhost:7051","grpcOptions":{"ssl-target-name-override":"peer0.bank1.banksco.com"},"tlsCACerts":{"path":"../../ExchangeNetwork/CCLifeCycleHLFv1/crypto-config/peerOrganizations/bank1.banksco.com/peers/peer0.bank1.banksco.com/tls/ca.crt"}},"peer1.bank1.banksco.com":{"url":"grpcs://localhost:7056","grpcOptions":{"ssl-target-name-override":"peer1.bank1.banksco.com"},"tlsCACerts":{"path":"../../ExchangeNetwork/CCLifeCycleHLFv1/crypto-config/peerOrganizations/bank1.banksco.com/peers/peer1.bank1.banksco.com/tls/ca.crt"}},"peer0.bank2.banksco.com":{"url":"grpcs://localhost:8051","grpcOptions":{"ssl-target-name-override":"peer0.bank2.banksco.com"},"tlsCACerts":{"path":"../../ExchangeNetwork/CCLifeCycleHLFv1/crypto-config/peerOrganizations/bank2.banksco.com/peers/peer0.bank2.banksco.com/tls/ca.crt"}},"peer1.bank2.banksco.com":{"url":"grpcs://localhost:8056","grpcOptions":{"ssl-target-name-override":"peer1.bank2.banksco.com"},"tlsCACerts":{"path":"../../ExchangeNetwork/CCLifeCycleHLFv1/crypto-config/peerOrganizations/bank2.banksco.com/peers/peer1.bank2.banksco.com/tls/ca.crt"}}},"certificateAuthorities":{"ca-bank1":{"url":"https://localhost:7054","httpOptions":{"verify":false},"tlsCACerts":{"path":"../../ExchangeNetwork/CCLifeCycleHLFv1/crypto-config/peerOrganizations/bank1.banksco.com/ca/ca.bank1.banksco.com-cert.pem"},"registrar":[{"enrollId":"admin","enrollSecret":"adminpw"}],"caName":"ca-bank1"},"ca-bank2":{"url":"https://localhost:8054","httpOptions":{"verify":false},"tlsCACerts":{"path":"../../ExchangeNetwork/CCLifeCycleHLFv1/crypto-config/peerOrganizations/bank2.banksco.com/ca/ca.bank2.banksco.com-cert.pem"},"registrar":[{"enrollId":"admin","enrollSecret":"adminpw"}],"caName":"ca-bank2"}}}
[2020-06-02 14:27:57.231] [DEBUG] Helper - got client from config : network-connection-profile-path
[2020-06-02 14:27:57.231] [DEBUG] Helper - load from config : bank1-connection-profile-path
[2020-06-02 14:27:57.233] [DEBUG] Helper - [NetworkConfig101.js]: constructor, network_config: {"name":"ExchangeAppBank1","x-type":"hlfv1","description":"Exchange Network - client definition for Bank1","version":"1.0","client":{"organization":"Bank1","credentialStore":{"path":"/tmp/fabric-client-kv-bank1","cryptoStore":{"path":"/tmp/fabric-client-kv-bank1"}}}}
[2020-06-02 14:27:57.233] [DEBUG] Helper - [NetworkConfig101.js]: mergeSettings - additions start
[2020-06-02 14:27:57.235] [DEBUG] Helper - [NetworkConfig101.js]: getOrganization - name Bank1
[2020-06-02 14:27:57.235] [DEBUG] Helper - [Organization.js]: Organization.const
[2020-06-02 14:27:57.235] [DEBUG] Helper - [NetworkConfig101.js]: getCertificateAuthority - name ca-bank1
[2020-06-02 14:27:57.237] [DEBUG] Helper - [CertificateAuthority.js]: CertificateAuthority.const
[2020-06-02 14:27:57.241] [DEBUG] Helper - [crypto_ecdsa_aes]: Hash algorithm: SHA2, hash output size: 256
[2020-06-02 14:27:57.241] [DEBUG] Helper - [crypto_ecdsa_aes]: importKey - start
[2020-06-02 14:27:57.242] [DEBUG] Helper - [crypto_ecdsa_aes]: importKey - have the key [Circular]
[2020-06-02 14:27:57.242] [DEBUG] Helper - [crypto_ecdsa_aes]: importKey - start
[2020-06-02 14:27:57.245] [DEBUG] Helper - [crypto_ecdsa_aes]: importKey - have the key [Circular]
[2020-06-02 14:27:57.246] [DEBUG] Helper - [NetworkConfig101.js]: getOrganization - name Bank1
[2020-06-02 14:27:57.246] [DEBUG] Helper - [Organization.js]: Organization.const
[2020-06-02 14:27:57.246] [DEBUG] Helper - [NetworkConfig101.js]: getCertificateAuthority - name ca-bank1
[2020-06-02 14:27:57.247] [DEBUG] Helper - [CertificateAuthority.js]: CertificateAuthority.const
[2020-06-02 14:27:57.248] [DEBUG] Helper - loaded from config : bank1-connection-profile-path
[2020-06-02 14:27:57.249] [DEBUG] Helper - [FileKeyValueStore.js]: constructor { options:
   { path: '/tmp/fabric-client-kv-bank1',
     cryptoStore: { path: '/tmp/fabric-client-kv-bank1' } } }
[2020-06-02 14:27:57.257] [DEBUG] Helper - [crypto_ecdsa_aes]: Hash algorithm: SHA2, hash output size: 256
[2020-06-02 14:27:57.258] [DEBUG] Helper - [utils.CryptoKeyStore]: CryptoKeyStore, constructor - start
[2020-06-02 14:27:57.258] [DEBUG] Helper - [utils.CryptoKeyStore]: constructor, no super class specified, using config: fabric-client/lib/impl/FileKeyValueStore.js
[2020-06-02 14:27:57.258] [DEBUG] Helper - [FileKeyValueStore.js]: getValue { key: 'Jim' }
[2020-06-02 14:27:57.259] [DEBUG] Helper - [crypto_ecdsa_aes]: importKey - start
[2020-06-02 14:27:57.260] [DEBUG] Helper - [crypto_ecdsa_aes]: importKey - have the key [Circular]
[2020-06-02 14:27:57.260] [DEBUG] Helper - [utils.CryptoKeyStore]: This class requires a CryptoKeyStore to save keys, using the store: {"opts":{"path":"/tmp/fabric-client-kv-bank1"}}
[2020-06-02 14:27:57.260] [DEBUG] Helper - [FileKeyValueStore.js]: constructor { options: { path: '/tmp/fabric-client-kv-bank1' } }
[2020-06-02 14:27:57.261] [DEBUG] Helper - [utils.CryptoKeyStore]: _getKeyStore returning ks
[2020-06-02 14:27:57.261] [DEBUG] Helper - [FileKeyValueStore.js]: getValue { key:
   'afc1437a5bcd8f5416c56c8a1695840e9cc283e98fbee0e0f572efcaa5c82804-priv' }
[2020-06-02 14:27:57.262] [DEBUG] Helper - [ecdsa/key.js]: ECDSA curve param X: 27ec52cdfc48a000a8aca81a08df257b8b10c36128c39222c1aa83c8bc95e801
[2020-06-02 14:27:57.262] [DEBUG] Helper - [ecdsa/key.js]: ECDSA curve param Y: 30b79b8eb0e91ab720269c0c40aa56cc56b86a2012e3102171b9c271d3801fca
[2020-06-02 14:27:57.262] [DEBUG] Helper - User Jim was found to be registered and enrolled
[2020-06-02 14:27:57.262] [DEBUG] Helper - getClientForOrg - ****** END bank1 Jim


[2020-06-02 14:27:57.262] [DEBUG] install-chaincode - Successfully got the fabric client for the organization "bank1"
[2020-06-02 14:27:57.264] [DEBUG] Helper - [NetworkConfig101.js]: getPeer - name peer0.bank1.banksco.com, channel_org: undefined
[2020-06-02 14:27:57.265] [DEBUG] Helper - [NetworkConfig101.js]: getPeer - name peer1.bank1.banksco.com, channel_org: undefined
[2020-06-02 14:27:59.933] [DEBUG] Helper - [crypto_ecdsa_aes]: ecdsa signature:  Signature {
  r:
   <BN: 2455ee326ce777bce884b2ee98a483e49c54171c74457134a43d7ae319e444bd>,
  s:
   <BN: 6fa8203534998587e4f97d8aa6e7cf152099587f21873ec0f51ca392e51c044>,
  recoveryParam: 0 }
2020-06-02T12:28:44.940Z - error: [Peer.js]: sendProposal - timed out after:45000
2020-06-02T12:28:44.949Z - error: [Peer.js]: sendProposal - timed out after:45000
[2020-06-02 14:28:44.950] [ERROR] install-chaincode - install proposal was bad. Reason : Error: REQUEST_TIMEOUT,Error: REQUEST_TIMEOUT
[2020-06-02 14:28:44.950] [ERROR] install-chaincode - install proposal was bad. Reason : Error: REQUEST_TIMEOUT,Error: REQUEST_TIMEOUT
[2020-06-02 14:28:44.950] [ERROR] install-chaincode - Failed to send install Proposal or receive valid response. Response null or status is not 200
[2020-06-02 14:28:44.951] [ERROR] install-chaincode - Failed to install due to:Failed to send install Proposal or receive valid response. Response null or status is not 200
(node:28026) UnhandledPromiseRejectionWarning: Error: Failed to install due to:Failed to send install Proposal or receive valid response. Response null or status is not 200
    at Object.installChaincode (/Users/ffrench/.sources/github.ibm.com/trainings-fabric/ExchangeApp/v1.0/app/install-chaincode.js:91:15)
    at process._tickCallback (internal/process/next_tick.js:68:7)
(node:28026) UnhandledPromiseRejectionWarning: Unhandled promise rejection. This error originated either by throwing inside of an async function without a catch block, or by rejecting a promise which was not handled with .catch(). (rejection id: 1)
(node:28026) [DEP0018] DeprecationWarning: Unhandled promise rejections are deprecated. In the future, promise rejections that are not handled will terminate the Node.js process with a non-zero exit code.