[2020-06-02 13:59:16.550] [DEBUG] SampleWebApp - End point : /users
[2020-06-02 13:59:16.550] [DEBUG] SampleWebApp - User name : Jim
[2020-06-02 13:59:16.550] [DEBUG] SampleWebApp - Org name  : bank1
[2020-06-02 13:59:16.561] [DEBUG] Helper - getClientForOrg - ****** START bank1 undefined
[2020-06-02 13:59:16.561] [DEBUG] Helper - get client from config : network-connection-profile-path
[2020-06-02 13:59:16.581] [DEBUG] Helper - [NetworkConfig101.js]: constructor, network_config: {"name":"ExchangeApp","x-type":"hlfv1","description":"Exchange Network","version":"1.0","channels":{"bankscochannel":{"orderers":["orderer.banksco.com"],"peers":{"peer0.bank1.banksco.com":{"endorsingPeer":true,"chaincodeQuery":true,"ledgerQuery":true,"eventSource":true},"peer1.bank1.banksco.com":{"endorsingPeer":false,"chaincodeQuery":true,"ledgerQuery":true,"eventSource":true},"peer0.bank2.banksco.com":{"endorsingPeer":true,"chaincodeQuery":true,"ledgerQuery":true,"eventSource":true},"peer1.bank2.banksco.com":{"endorsingPeer":true,"chaincodeQuery":true,"ledgerQuery":true,"eventSource":true}},"chaincodes":["exchangeCC:v0"]}},"organizations":{"Bank1":{"mspid":"Bank1MSP","peers":["peer0.bank1.banksco.com","peer1.bank1.banksco.com"],"certificateAuthorities":["ca-bank1"],"adminPrivateKey":{"path":"../../ExchangeNetwork/CCLifeCycleHLFv1/crypto-config/peerOrganizations/bank1.banksco.com/users/Admin@bank1.banksco.com/msp/keystore/priv_sk"},"signedCert":{"path":"../../ExchangeNetwork/CCLifeCycleHLFv1/crypto-config/peerOrganizations/bank1.banksco.com/users/Admin@bank1.banksco.com/msp/signcerts/Admin@bank1.banksco.com-cert.pem"}},"Bank2":{"mspid":"Bank2MSP","peers":["peer0.bank2.banksco.com","peer1.bank2.banksco.com"],"certificateAuthorities":["ca-bank2"],"adminPrivateKey":{"path":"../../ExchangeNetwork/CCLifeCycleHLFv1/crypto-config/peerOrganizations/bank2.banksco.com/users/Admin@bank2.banksco.com/msp/keystore/priv_sk"},"signedCert":{"path":"../../ExchangeNetwork/CCLifeCycleHLFv1/crypto-config/peerOrganizations/bank2.banksco.com/users/Admin@bank2.banksco.com/msp/signcerts/Admin@bank2.banksco.com-cert.pem"}}},"orderers":{"orderer.banksco.com":{"url":"grpcs://localhost:7050","grpcOptions":{"ssl-target-name-override":"orderer.banksco.com"},"tlsCACerts":{"path":"../../ExchangeNetwork/CCLifeCycleHLFv1/crypto-config/ordererOrganizations/banksco.com/orderers/orderer.banksco.com/tls/ca.crt"}}},"peers":{"peer0.bank1.banksco.com":{"url":"grpcs://localhost:7051","grpcOptions":{"ssl-target-name-override":"peer0.bank1.banksco.com"},"tlsCACerts":{"path":"../../ExchangeNetwork/CCLifeCycleHLFv1/crypto-config/peerOrganizations/bank1.banksco.com/peers/peer0.bank1.banksco.com/tls/ca.crt"}},"peer1.bank1.banksco.com":{"url":"grpcs://localhost:7056","grpcOptions":{"ssl-target-name-override":"peer1.bank1.banksco.com"},"tlsCACerts":{"path":"../../ExchangeNetwork/CCLifeCycleHLFv1/crypto-config/peerOrganizations/bank1.banksco.com/peers/peer1.bank1.banksco.com/tls/ca.crt"}},"peer0.bank2.banksco.com":{"url":"grpcs://localhost:8051","grpcOptions":{"ssl-target-name-override":"peer0.bank2.banksco.com"},"tlsCACerts":{"path":"../../ExchangeNetwork/CCLifeCycleHLFv1/crypto-config/peerOrganizations/bank2.banksco.com/peers/peer0.bank2.banksco.com/tls/ca.crt"}},"peer1.bank2.banksco.com":{"url":"grpcs://localhost:8056","grpcOptions":{"ssl-target-name-override":"peer1.bank2.banksco.com"},"tlsCACerts":{"path":"../../ExchangeNetwork/CCLifeCycleHLFv1/crypto-config/peerOrganizations/bank2.banksco.com/peers/peer1.bank2.banksco.com/tls/ca.crt"}}},"certificateAuthorities":{"ca-bank1":{"url":"https://localhost:7054","httpOptions":{"verify":false},"tlsCACerts":{"path":"../../ExchangeNetwork/CCLifeCycleHLFv1/crypto-config/peerOrganizations/bank1.banksco.com/ca/ca.bank1.banksco.com-cert.pem"},"registrar":[{"enrollId":"admin","enrollSecret":"adminpw"}],"caName":"ca-bank1"},"ca-bank2":{"url":"https://localhost:8054","httpOptions":{"verify":false},"tlsCACerts":{"path":"../../ExchangeNetwork/CCLifeCycleHLFv1/crypto-config/peerOrganizations/bank2.banksco.com/ca/ca.bank2.banksco.com-cert.pem"},"registrar":[{"enrollId":"admin","enrollSecret":"adminpw"}],"caName":"ca-bank2"}}}
[2020-06-02 13:59:16.581] [DEBUG] Helper - got client from config : network-connection-profile-path
[2020-06-02 13:59:16.582] [DEBUG] Helper - load from config : bank1-connection-profile-path
[2020-06-02 13:59:16.584] [DEBUG] Helper - [NetworkConfig101.js]: constructor, network_config: {"name":"ExchangeAppBank1","x-type":"hlfv1","description":"Exchange Network - client definition for Bank1","version":"1.0","client":{"organization":"Bank1","credentialStore":{"path":"/tmp/fabric-client-kv-bank1","cryptoStore":{"path":"/tmp/fabric-client-kv-bank1"}}}}
[2020-06-02 13:59:16.585] [DEBUG] Helper - [NetworkConfig101.js]: mergeSettings - additions start
[2020-06-02 13:59:16.586] [DEBUG] Helper - [NetworkConfig101.js]: getOrganization - name Bank1
[2020-06-02 13:59:16.587] [DEBUG] Helper - [Organization.js]: Organization.const
[2020-06-02 13:59:16.587] [DEBUG] Helper - [NetworkConfig101.js]: getCertificateAuthority - name ca-bank1
[2020-06-02 13:59:16.589] [DEBUG] Helper - [CertificateAuthority.js]: CertificateAuthority.const
[2020-06-02 13:59:17.045] [DEBUG] Helper - [crypto_ecdsa_aes]: Hash algorithm: SHA2, hash output size: 256
[2020-06-02 13:59:17.428] [DEBUG] Helper - [crypto_ecdsa_aes]: importKey - start
[2020-06-02 13:59:17.432] [DEBUG] Helper - [crypto_ecdsa_aes]: importKey - have the key [Circular]
[2020-06-02 13:59:17.432] [DEBUG] Helper - [crypto_ecdsa_aes]: importKey - start
[2020-06-02 13:59:17.437] [DEBUG] Helper - [crypto_ecdsa_aes]: importKey - have the key [Circular]
[2020-06-02 13:59:17.437] [DEBUG] Helper - [NetworkConfig101.js]: getOrganization - name Bank1
[2020-06-02 13:59:17.437] [DEBUG] Helper - [Organization.js]: Organization.const
[2020-06-02 13:59:17.438] [DEBUG] Helper - [NetworkConfig101.js]: getCertificateAuthority - name ca-bank1
[2020-06-02 13:59:17.438] [DEBUG] Helper - [CertificateAuthority.js]: CertificateAuthority.const
[2020-06-02 13:59:17.439] [DEBUG] Helper - loaded from config : bank1-connection-profile-path
[2020-06-02 13:59:17.442] [DEBUG] Helper - [FileKeyValueStore.js]: constructor { options:
   { path: '/tmp/fabric-client-kv-bank1',
     cryptoStore: { path: '/tmp/fabric-client-kv-bank1' } } }
[2020-06-02 13:59:17.448] [DEBUG] Helper - [crypto_ecdsa_aes]: Hash algorithm: SHA2, hash output size: 256
[2020-06-02 13:59:17.449] [DEBUG] Helper - [utils.CryptoKeyStore]: CryptoKeyStore, constructor - start
[2020-06-02 13:59:17.449] [DEBUG] Helper - [utils.CryptoKeyStore]: constructor, no super class specified, using config: fabric-client/lib/impl/FileKeyValueStore.js
[2020-06-02 13:59:17.449] [DEBUG] Helper - getClientForOrg - ****** END bank1 undefined


[2020-06-02 13:59:17.449] [DEBUG] Helper - Successfully initialized the credential stores
[2020-06-02 13:59:17.450] [DEBUG] Helper - [FileKeyValueStore.js]: getValue { key: 'Jim' }
[2020-06-02 13:59:17.452] [INFO] Helper - User Jim was not enrolled, so we will need an admin user object to register
[2020-06-02 13:59:17.453] [DEBUG] Helper - [FileKeyValueStore.js]: getValue { key: 'admin' }
[2020-06-02 13:59:17.454] [DEBUG] Helper - [NetworkConfig101.js]: getOrganization - name Bank1
[2020-06-02 13:59:17.454] [DEBUG] Helper - [Organization.js]: Organization.const
[2020-06-02 13:59:17.454] [DEBUG] Helper - [NetworkConfig101.js]: getCertificateAuthority - name ca-bank1
[2020-06-02 13:59:17.455] [DEBUG] Helper - [CertificateAuthority.js]: CertificateAuthority.const
[2020-06-02 13:59:17.455] [DEBUG] Helper - [NetworkConfig101.js]: getOrganization - name Bank1
[2020-06-02 13:59:17.455] [DEBUG] Helper - [Organization.js]: Organization.const
[2020-06-02 13:59:17.455] [DEBUG] Helper - [NetworkConfig101.js]: getCertificateAuthority - name ca-bank1
[2020-06-02 13:59:17.465] [DEBUG] Helper - [CertificateAuthority.js]: CertificateAuthority.const
[2020-06-02 13:59:17.492] [DEBUG] Helper - [FabricCAClient.js]: Successfully constructed Fabric CA client from options - {"caname":"ca-bank1","protocol":"https","hostname":"localhost","port":7054,"tlsOptions":{"trustedRoots":["-----BEGIN CERTIFICATE-----\nMIICODCCAd6gAwIBAgIRAPlL4+z3wWRWqtkdYbXF954wCgYIKoZIzj0EAwIwZjEL\nMAkGA1UEBhMCRlIxDDAKBgNVBAgTA0lERjEOMAwGA1UEBxMFUGFyaXMxGjAYBgNV\nBAoTEWJhbmsxLmJhbmtzY28uY29tMR0wGwYDVQQDExRjYS5iYW5rMS5iYW5rc2Nv\nLmNvbTAeFw0yMDA2MDIxMTUzMDBaFw0zMDA1MzExMTUzMDBaMGYxCzAJBgNVBAYT\nAkZSMQwwCgYDVQQIEwNJREYxDjAMBgNVBAcTBVBhcmlzMRowGAYDVQQKExFiYW5r\nMS5iYW5rc2NvLmNvbTEdMBsGA1UEAxMUY2EuYmFuazEuYmFua3Njby5jb20wWTAT\nBgcqhkjOPQIBBggqhkjOPQMBBwNCAASxP0tXcQzlIOaC0Wwf+Gunaml/MZauJ0hd\nELjJBAu7FJyfSZIIaX9/rpY6eFCgJZEn/EufpFBJblwkcXV5Y1wGo20wazAOBgNV\nHQ8BAf8EBAMCAaYwHQYDVR0lBBYwFAYIKwYBBQUHAwIGCCsGAQUFBwMBMA8GA1Ud\nEwEB/wQFMAMBAf8wKQYDVR0OBCIEIBUO0XGmZyKYow+Mp2TWzB9osBggOgtbrN5/\n22zRO0hPMAoGCCqGSM49BAMCA0gAMEUCIQD9X1/2s5R9dAIvTMUypAswUSgUrTp7\nf5rNxr6Rsn0/4QIgGxIHQnJJTmVUHLbJ7ujFS7kgzltdK/EiQ3F5KXeYMmk=\n-----END CERTIFICATE-----\n"],"verify":false}}
[2020-06-02 13:59:17.493] [DEBUG] Helper - [FabricCAClientService.js]: Successfully constructed Fabric CA service client: endpoint - {"protocol":"https","hostname":"localhost","port":7054}
[2020-06-02 13:59:17.599] [DEBUG] Helper - [utils.CryptoKeyStore]: This class requires a CryptoKeyStore to save keys, using the store: {"opts":{"path":"/tmp/fabric-client-kv-bank1"}}
[2020-06-02 13:59:17.599] [DEBUG] Helper - [FileKeyValueStore.js]: constructor { options: { path: '/tmp/fabric-client-kv-bank1' } }
[2020-06-02 13:59:17.609] [DEBUG] Helper - [utils.CryptoKeyStore]: _getKeyStore returning ks
[2020-06-02 13:59:17.609] [DEBUG] Helper - [crypto_ecdsa_aes]: generateKey, store.setValue
[2020-06-02 13:59:17.610] [DEBUG] Helper - [ecdsa/key.js]: ECDSA curve param X: 06b8444412bed9f39685e2f2444d1d191b878cee7a84f3b80ee2b8685c8343fd
[2020-06-02 13:59:17.611] [DEBUG] Helper - [ecdsa/key.js]: ECDSA curve param Y: 3ec64d08dc719e01a2b09fdb40683cdca28603418253baceb56e93c105b9101a
[2020-06-02 13:59:17.616] [DEBUG] Helper - [FileKeyValueStore.js]: setValue { key:
   'c06a3b6bba06c84507932b31082581549d57000fae1706b8985577ae5faccfab-priv' }
[2020-06-02 13:59:17.618] [DEBUG] Helper - [FabricCAClientService.js]: successfully generated key pairs
[2020-06-02 13:59:17.687] [DEBUG] Helper - [FabricCAClientService.js]: successfully generated csr
[2020-06-02 13:59:17.911] [DEBUG] Helper - [FabricCAClientService.js]: successfully enrolled admin
[2020-06-02 13:59:17.914] [DEBUG] Helper - [crypto_ecdsa_aes]: importKey - start
[2020-06-02 13:59:17.914] [DEBUG] Helper - [crypto_ecdsa_aes]: importKey - have the key [Circular]
[2020-06-02 13:59:17.915] [DEBUG] Helper - [utils.CryptoKeyStore]: _getKeyStore resolving store
[2020-06-02 13:59:17.916] [DEBUG] Helper - [ecdsa/key.js]: ECDSA curve param X: 06b8444412bed9f39685e2f2444d1d191b878cee7a84f3b80ee2b8685c8343fd
[2020-06-02 13:59:17.917] [DEBUG] Helper - [ecdsa/key.js]: ECDSA curve param Y: 3ec64d08dc719e01a2b09fdb40683cdca28603418253baceb56e93c105b9101a
[2020-06-02 13:59:17.919] [DEBUG] Helper - [FileKeyValueStore.js]: setValue { key:
   'c06a3b6bba06c84507932b31082581549d57000fae1706b8985577ae5faccfab-priv' }
[2020-06-02 13:59:17.925] [DEBUG] Helper - [crypto_ecdsa_aes]: importKey - start
[2020-06-02 13:59:17.927] [DEBUG] Helper - [crypto_ecdsa_aes]: importKey - have the key [Circular]
[2020-06-02 13:59:17.928] [DEBUG] Helper - [utils.CryptoKeyStore]: _getKeyStore resolving store
[2020-06-02 13:59:17.928] [DEBUG] Helper - [ecdsa/key.js]: ECDSA curve param X: 06b8444412bed9f39685e2f2444d1d191b878cee7a84f3b80ee2b8685c8343fd
[2020-06-02 13:59:17.928] [DEBUG] Helper - [ecdsa/key.js]: ECDSA curve param Y: 3ec64d08dc719e01a2b09fdb40683cdca28603418253baceb56e93c105b9101a
[2020-06-02 13:59:17.929] [DEBUG] Helper - [FileKeyValueStore.js]: setValue { key:
   'c06a3b6bba06c84507932b31082581549d57000fae1706b8985577ae5faccfab-pub' }
[2020-06-02 13:59:17.933] [DEBUG] Helper - [ecdsa/key.js]: ECDSA curve param X: 06b8444412bed9f39685e2f2444d1d191b878cee7a84f3b80ee2b8685c8343fd
[2020-06-02 13:59:17.933] [DEBUG] Helper - [ecdsa/key.js]: ECDSA curve param Y: 3ec64d08dc719e01a2b09fdb40683cdca28603418253baceb56e93c105b9101a
[2020-06-02 13:59:17.934] [DEBUG] Helper - [ecdsa/key.js]: ECDSA curve param X: 06b8444412bed9f39685e2f2444d1d191b878cee7a84f3b80ee2b8685c8343fd
[2020-06-02 13:59:17.934] [DEBUG] Helper - [ecdsa/key.js]: ECDSA curve param Y: 3ec64d08dc719e01a2b09fdb40683cdca28603418253baceb56e93c105b9101a
[2020-06-02 13:59:17.934] [DEBUG] Helper - [ecdsa/key.js]: ECDSA curve param X: 06b8444412bed9f39685e2f2444d1d191b878cee7a84f3b80ee2b8685c8343fd
[2020-06-02 13:59:17.934] [DEBUG] Helper - [ecdsa/key.js]: ECDSA curve param Y: 3ec64d08dc719e01a2b09fdb40683cdca28603418253baceb56e93c105b9101a
[2020-06-02 13:59:17.935] [DEBUG] Helper - [FileKeyValueStore.js]: setValue { key: 'admin' }
[2020-06-02 13:59:17.935] [DEBUG] Helper - [NetworkConfig101.js]: getOrganization - name Bank1
[2020-06-02 13:59:17.936] [DEBUG] Helper - [Organization.js]: Organization.const
[2020-06-02 13:59:17.936] [DEBUG] Helper - [NetworkConfig101.js]: getCertificateAuthority - name ca-bank1
[2020-06-02 13:59:17.936] [DEBUG] Helper - [CertificateAuthority.js]: CertificateAuthority.const
[2020-06-02 13:59:17.937] [DEBUG] Helper - [FabricCAClient.js]: Successfully constructed Fabric CA client from options - {"caname":"ca-bank1","protocol":"https","hostname":"localhost","port":7054,"tlsOptions":{"trustedRoots":["-----BEGIN CERTIFICATE-----\nMIICODCCAd6gAwIBAgIRAPlL4+z3wWRWqtkdYbXF954wCgYIKoZIzj0EAwIwZjEL\nMAkGA1UEBhMCRlIxDDAKBgNVBAgTA0lERjEOMAwGA1UEBxMFUGFyaXMxGjAYBgNV\nBAoTEWJhbmsxLmJhbmtzY28uY29tMR0wGwYDVQQDExRjYS5iYW5rMS5iYW5rc2Nv\nLmNvbTAeFw0yMDA2MDIxMTUzMDBaFw0zMDA1MzExMTUzMDBaMGYxCzAJBgNVBAYT\nAkZSMQwwCgYDVQQIEwNJREYxDjAMBgNVBAcTBVBhcmlzMRowGAYDVQQKExFiYW5r\nMS5iYW5rc2NvLmNvbTEdMBsGA1UEAxMUY2EuYmFuazEuYmFua3Njby5jb20wWTAT\nBgcqhkjOPQIBBggqhkjOPQMBBwNCAASxP0tXcQzlIOaC0Wwf+Gunaml/MZauJ0hd\nELjJBAu7FJyfSZIIaX9/rpY6eFCgJZEn/EufpFBJblwkcXV5Y1wGo20wazAOBgNV\nHQ8BAf8EBAMCAaYwHQYDVR0lBBYwFAYIKwYBBQUHAwIGCCsGAQUFBwMBMA8GA1Ud\nEwEB/wQFMAMBAf8wKQYDVR0OBCIEIBUO0XGmZyKYow+Mp2TWzB9osBggOgtbrN5/\n22zRO0hPMAoGCCqGSM49BAMCA0gAMEUCIQD9X1/2s5R9dAIvTMUypAswUSgUrTp7\nf5rNxr6Rsn0/4QIgGxIHQnJJTmVUHLbJ7ujFS7kgzltdK/EiQ3F5KXeYMmk=\n-----END CERTIFICATE-----\n"],"verify":false}}
[2020-06-02 13:59:17.937] [DEBUG] Helper - [FabricCAClientService.js]: Successfully constructed Fabric CA service client: endpoint - {"protocol":"https","hostname":"localhost","port":7054}
[2020-06-02 13:59:17.938] [DEBUG] Helper - [FabricCAClient.js]: CONNECTION_TIMEOUT = 3000, SO_TIMEOUT = infinite
[2020-06-02 13:59:17.986] [DEBUG] Helper - [crypto_ecdsa_aes]: ecdsa signature:  Signature {
  r:
   <BN: 1dfb3878d0bdb19944d4e36d6abedc9a705f085a09d76c04a95887cb34ca85e5>,
  s:
   <BN: 5bc4ff121cc2a0e995aa417d5b511ef52c69ed175559c136a926c1c310c6851c>,
  recoveryParam: 1 }
[2020-06-02 13:59:17.990] [DEBUG] Helper - [FabricCAClient.js]: bodyAndcert: eyJpZCI6IkppbSIsImFmZmlsaWF0aW9uIjoiYmFuazEuZGVwYXJ0bWVudDEiLCJtYXhfZW5yb2xsbWVudHMiOjEsImNhbmFtZSI6ImNhLWJhbmsxIn0=.LS0tLS1CRUdJTiBDRVJUSUZJQ0FURS0tLS0tCk1JSUI5VENDQVp1Z0F3SUJBZ0lVVTZ5TksrWGtpcEN6VmpVVWVMMmVpQUJtemVZd0NnWUlLb1pJemowRUF3SXcKWmpFTE1Ba0dBMVVFQmhNQ1JsSXhEREFLQmdOVkJBZ1RBMGxFUmpFT01Bd0dBMVVFQnhNRlVHRnlhWE14R2pBWQpCZ05WQkFvVEVXSmhibXN4TG1KaGJtdHpZMjh1WTI5dE1SMHdHd1lEVlFRREV4UmpZUzVpWVc1ck1TNWlZVzVyCmMyTnZMbU52YlRBZUZ3MHlNREEyTURJeE1UVTBNREJhRncweU1UQTJNREl4TVRVNU1EQmFNQ0V4RHpBTkJnTlYKQkFzVEJtTnNhV1Z1ZERFT01Bd0dBMVVFQXhNRllXUnRhVzR3V1RBVEJnY3Foa2pPUFFJQkJnZ3Foa2pPUFFNQgpCd05DQUFRR3VFUkVFcjdaODVhRjR2SkVUUjBaRzRlTTducUU4N2dPNHJob1hJTkQvVDdHVFFqY2NaNEJvckNmCjIwQm9QTnlpaGdOQmdsTzZ6clZ1azhFRnVSQWFvMnd3YWpBT0JnTlZIUThCQWY4RUJBTUNCNEF3REFZRFZSMFQKQVFIL0JBSXdBREFkQmdOVkhRNEVGZ1FVV2lkUUtDMVZSeGdkcUVqY1U2aHhPRk4xd1RRd0t3WURWUjBqQkNRdwpJb0FnRlE3UmNhWm5JcGlqRDR5blpOYk1IMml3R0NBNkMxdXMzbi9iYk5FN1NFOHdDZ1lJS29aSXpqMEVBd0lEClNBQXdSUUloQU5PS05XNHU0L1F2Sy9FUW13NnN0QUdTRWVQcWZvRWxXa3I5V1puY2kxN2RBaUFHVGtoNEh3aXoKQUNIeFkzYzg4cVNoQUprWlIwMENaSWJ3M3pCMlVOblFpdz09Ci0tLS0tRU5EIENFUlRJRklDQVRFLS0tLS0K
(node:28026) [DEP0079] DeprecationWarning: Custom inspection function on Objects via .inspect() is deprecated
[2020-06-02 13:59:18.157] [DEBUG] Helper - Successfully got the secret for user Jim
[2020-06-02 13:59:18.158] [DEBUG] Helper - [FileKeyValueStore.js]: getValue { key: 'Jim' }
[2020-06-02 13:59:18.159] [DEBUG] Helper - [NetworkConfig101.js]: getOrganization - name Bank1
[2020-06-02 13:59:18.159] [DEBUG] Helper - [Organization.js]: Organization.const
[2020-06-02 13:59:18.159] [DEBUG] Helper - [NetworkConfig101.js]: getCertificateAuthority - name ca-bank1
[2020-06-02 13:59:18.159] [DEBUG] Helper - [CertificateAuthority.js]: CertificateAuthority.const
[2020-06-02 13:59:18.160] [DEBUG] Helper - [NetworkConfig101.js]: getOrganization - name Bank1
[2020-06-02 13:59:18.160] [DEBUG] Helper - [Organization.js]: Organization.const
[2020-06-02 13:59:18.160] [DEBUG] Helper - [NetworkConfig101.js]: getCertificateAuthority - name ca-bank1
[2020-06-02 13:59:18.160] [DEBUG] Helper - [CertificateAuthority.js]: CertificateAuthority.const
[2020-06-02 13:59:18.161] [DEBUG] Helper - [FabricCAClient.js]: Successfully constructed Fabric CA client from options - {"caname":"ca-bank1","protocol":"https","hostname":"localhost","port":7054,"tlsOptions":{"trustedRoots":["-----BEGIN CERTIFICATE-----\nMIICODCCAd6gAwIBAgIRAPlL4+z3wWRWqtkdYbXF954wCgYIKoZIzj0EAwIwZjEL\nMAkGA1UEBhMCRlIxDDAKBgNVBAgTA0lERjEOMAwGA1UEBxMFUGFyaXMxGjAYBgNV\nBAoTEWJhbmsxLmJhbmtzY28uY29tMR0wGwYDVQQDExRjYS5iYW5rMS5iYW5rc2Nv\nLmNvbTAeFw0yMDA2MDIxMTUzMDBaFw0zMDA1MzExMTUzMDBaMGYxCzAJBgNVBAYT\nAkZSMQwwCgYDVQQIEwNJREYxDjAMBgNVBAcTBVBhcmlzMRowGAYDVQQKExFiYW5r\nMS5iYW5rc2NvLmNvbTEdMBsGA1UEAxMUY2EuYmFuazEuYmFua3Njby5jb20wWTAT\nBgcqhkjOPQIBBggqhkjOPQMBBwNCAASxP0tXcQzlIOaC0Wwf+Gunaml/MZauJ0hd\nELjJBAu7FJyfSZIIaX9/rpY6eFCgJZEn/EufpFBJblwkcXV5Y1wGo20wazAOBgNV\nHQ8BAf8EBAMCAaYwHQYDVR0lBBYwFAYIKwYBBQUHAwIGCCsGAQUFBwMBMA8GA1Ud\nEwEB/wQFMAMBAf8wKQYDVR0OBCIEIBUO0XGmZyKYow+Mp2TWzB9osBggOgtbrN5/\n22zRO0hPMAoGCCqGSM49BAMCA0gAMEUCIQD9X1/2s5R9dAIvTMUypAswUSgUrTp7\nf5rNxr6Rsn0/4QIgGxIHQnJJTmVUHLbJ7ujFS7kgzltdK/EiQ3F5KXeYMmk=\n-----END CERTIFICATE-----\n"],"verify":false}}
[2020-06-02 13:59:18.213] [DEBUG] Helper - [FabricCAClientService.js]: Successfully constructed Fabric CA service client: endpoint - {"protocol":"https","hostname":"localhost","port":7054}
[2020-06-02 13:59:18.285] [DEBUG] Helper - [utils.CryptoKeyStore]: _getKeyStore resolving store
[2020-06-02 13:59:18.286] [DEBUG] Helper - [crypto_ecdsa_aes]: generateKey, store.setValue
[2020-06-02 13:59:18.286] [DEBUG] Helper - [ecdsa/key.js]: ECDSA curve param X: 27ec52cdfc48a000a8aca81a08df257b8b10c36128c39222c1aa83c8bc95e801
[2020-06-02 13:59:18.286] [DEBUG] Helper - [ecdsa/key.js]: ECDSA curve param Y: 30b79b8eb0e91ab720269c0c40aa56cc56b86a2012e3102171b9c271d3801fca
[2020-06-02 13:59:18.287] [DEBUG] Helper - [FileKeyValueStore.js]: setValue { key:
   'afc1437a5bcd8f5416c56c8a1695840e9cc283e98fbee0e0f572efcaa5c82804-priv' }
[2020-06-02 13:59:18.287] [DEBUG] Helper - [FabricCAClientService.js]: successfully generated key pairs
[2020-06-02 13:59:18.352] [DEBUG] Helper - [FabricCAClientService.js]: successfully generated csr
[2020-06-02 13:59:18.557] [DEBUG] Helper - [FabricCAClientService.js]: successfully enrolled Jim
[2020-06-02 13:59:18.558] [DEBUG] Helper - [crypto_ecdsa_aes]: importKey - start
[2020-06-02 13:59:18.559] [DEBUG] Helper - [crypto_ecdsa_aes]: importKey - have the key [Circular]
[2020-06-02 13:59:18.559] [DEBUG] Helper - [utils.CryptoKeyStore]: _getKeyStore resolving store
[2020-06-02 13:59:18.559] [DEBUG] Helper - [ecdsa/key.js]: ECDSA curve param X: 27ec52cdfc48a000a8aca81a08df257b8b10c36128c39222c1aa83c8bc95e801
[2020-06-02 13:59:18.559] [DEBUG] Helper - [ecdsa/key.js]: ECDSA curve param Y: 30b79b8eb0e91ab720269c0c40aa56cc56b86a2012e3102171b9c271d3801fca
[2020-06-02 13:59:18.559] [DEBUG] Helper - [FileKeyValueStore.js]: setValue { key:
   'afc1437a5bcd8f5416c56c8a1695840e9cc283e98fbee0e0f572efcaa5c82804-priv' }
[2020-06-02 13:59:18.561] [DEBUG] Helper - [crypto_ecdsa_aes]: importKey - start
[2020-06-02 13:59:18.563] [DEBUG] Helper - [crypto_ecdsa_aes]: importKey - have the key [Circular]
[2020-06-02 13:59:18.693] [DEBUG] Helper - [utils.CryptoKeyStore]: _getKeyStore resolving store
[2020-06-02 13:59:18.694] [DEBUG] Helper - [ecdsa/key.js]: ECDSA curve param X: 27ec52cdfc48a000a8aca81a08df257b8b10c36128c39222c1aa83c8bc95e801
[2020-06-02 13:59:18.694] [DEBUG] Helper - [ecdsa/key.js]: ECDSA curve param Y: 30b79b8eb0e91ab720269c0c40aa56cc56b86a2012e3102171b9c271d3801fca
[2020-06-02 13:59:18.697] [DEBUG] Helper - [FileKeyValueStore.js]: setValue { key:
   'afc1437a5bcd8f5416c56c8a1695840e9cc283e98fbee0e0f572efcaa5c82804-pub' }
[2020-06-02 13:59:18.699] [DEBUG] Helper - [ecdsa/key.js]: ECDSA curve param X: 27ec52cdfc48a000a8aca81a08df257b8b10c36128c39222c1aa83c8bc95e801
[2020-06-02 13:59:18.699] [DEBUG] Helper - [ecdsa/key.js]: ECDSA curve param Y: 30b79b8eb0e91ab720269c0c40aa56cc56b86a2012e3102171b9c271d3801fca
[2020-06-02 13:59:18.699] [DEBUG] Helper - [ecdsa/key.js]: ECDSA curve param X: 27ec52cdfc48a000a8aca81a08df257b8b10c36128c39222c1aa83c8bc95e801
[2020-06-02 13:59:18.699] [DEBUG] Helper - [ecdsa/key.js]: ECDSA curve param Y: 30b79b8eb0e91ab720269c0c40aa56cc56b86a2012e3102171b9c271d3801fca
[2020-06-02 13:59:18.699] [DEBUG] Helper - [ecdsa/key.js]: ECDSA curve param X: 27ec52cdfc48a000a8aca81a08df257b8b10c36128c39222c1aa83c8bc95e801
[2020-06-02 13:59:18.699] [DEBUG] Helper - [ecdsa/key.js]: ECDSA curve param Y: 30b79b8eb0e91ab720269c0c40aa56cc56b86a2012e3102171b9c271d3801fca
[2020-06-02 13:59:18.699] [DEBUG] Helper - [FileKeyValueStore.js]: setValue { key: 'Jim' }
[2020-06-02 13:59:18.778] [DEBUG] Helper - Successfully enrolled username Jim  and setUserContext on the client object